[2020-12-26 19:36:40:281] main INFO com.hong.ad.BinlogKafkaApplication 50 - Starting BinlogKafkaApplication on localhost with PID 15103 (/Users/zhangdehong/develop/project/web/hong-ad-spring-cloud/hong-ad-service/ad-binlog-kafka/target/classes started by zhangdehong in /Users/zhangdehong/develop/project/web/hong-ad-spring-cloud)
[2020-12-26 19:36:40:291] main INFO com.hong.ad.BinlogKafkaApplication 659 - No active profile set, falling back to default profiles: default
[2020-12-26 19:43:10:014] main INFO com.hong.ad.BinlogKafkaApplication 50 - Starting BinlogKafkaApplication on localhost with PID 15266 (/Users/zhangdehong/develop/project/web/hong-ad-spring-cloud/hong-ad-service/ad-binlog-kafka/target/classes started by zhangdehong in /Users/zhangdehong/develop/project/web/hong-ad-spring-cloud)
[2020-12-26 19:43:10:021] main INFO com.hong.ad.BinlogKafkaApplication 659 - No active profile set, falling back to default profiles: default
[2020-12-26 20:11:41:965] main INFO com.hong.ad.BinlogKafkaApplication 50 - Starting BinlogKafkaApplication on localhost with PID 15940 (/Users/zhangdehong/develop/project/web/hong-ad-spring-cloud/hong-ad-service/ad-binlog-kafka/target/classes started by zhangdehong in /Users/zhangdehong/develop/project/web/hong-ad-spring-cloud)
[2020-12-26 20:11:41:970] main INFO com.hong.ad.BinlogKafkaApplication 659 - No active profile set, falling back to default profiles: default
[2020-12-26 20:19:47:862] main INFO com.hong.ad.BinlogKafkaApplication 50 - Starting BinlogKafkaApplication on localhost with PID 16135 (/Users/zhangdehong/develop/project/web/hong-ad-spring-cloud/hong-ad-service/ad-binlog-kafka/target/classes started by zhangdehong in /Users/zhangdehong/develop/project/web/hong-ad-spring-cloud)
[2020-12-26 20:19:47:866] main INFO com.hong.ad.BinlogKafkaApplication 659 - No active profile set, falling back to default profiles: default
[2020-12-26 20:21:22:413] main INFO com.hong.ad.BinlogKafkaApplication 50 - Starting BinlogKafkaApplication on localhost with PID 16170 (/Users/zhangdehong/develop/project/web/hong-ad-spring-cloud/hong-ad-service/ad-binlog-kafka/target/classes started by zhangdehong in /Users/zhangdehong/develop/project/web/hong-ad-spring-cloud)
[2020-12-26 20:21:22:421] main INFO com.hong.ad.BinlogKafkaApplication 659 - No active profile set, falling back to default profiles: default
[2020-12-26 20:32:46:522] main INFO com.hong.ad.BinlogKafkaApplication 50 - Starting BinlogKafkaApplication on localhost with PID 16503 (/Users/zhangdehong/develop/project/web/hong-ad-spring-cloud/hong-ad-service/ad-binlog-kafka/target/classes started by zhangdehong in /Users/zhangdehong/develop/project/web/hong-ad-spring-cloud)
[2020-12-26 20:32:46:526] main INFO com.hong.ad.BinlogKafkaApplication 659 - No active profile set, falling back to default profiles: default
[2020-12-26 20:45:06:164] main INFO com.hong.ad.BinlogKafkaApplication 50 - Starting BinlogKafkaApplication on localhost with PID 16783 (/Users/zhangdehong/develop/project/web/hong-ad-spring-cloud/hong-ad-service/ad-binlog-kafka/target/classes started by zhangdehong in /Users/zhangdehong/develop/project/web/hong-ad-spring-cloud)
[2020-12-26 20:45:06:168] main INFO com.hong.ad.BinlogKafkaApplication 659 - No active profile set, falling back to default profiles: default
[2020-12-26 20:50:14:757] main INFO com.hong.ad.BinlogKafkaApplication 50 - Starting BinlogKafkaApplication on localhost with PID 16907 (/Users/zhangdehong/develop/project/web/hong-ad-spring-cloud/hong-ad-service/ad-binlog-kafka/target/classes started by zhangdehong in /Users/zhangdehong/develop/project/web/hong-ad-spring-cloud)
[2020-12-26 20:50:14:761] main INFO com.hong.ad.BinlogKafkaApplication 659 - No active profile set, falling back to default profiles: default
[2020-12-26 20:51:15:914] main INFO com.hong.ad.BinlogKafkaApplication 50 - Starting BinlogKafkaApplication on localhost with PID 16933 (/Users/zhangdehong/develop/project/web/hong-ad-spring-cloud/hong-ad-service/ad-binlog-kafka/target/classes started by zhangdehong in /Users/zhangdehong/develop/project/web/hong-ad-spring-cloud)
[2020-12-26 20:51:15:918] main INFO com.hong.ad.BinlogKafkaApplication 659 - No active profile set, falling back to default profiles: default
[2020-12-26 20:51:17:887] main INFO c.h.a.m.listener.IncrementListener 46 - incrementListener register db and table info
[2020-12-26 20:51:17:888] main INFO c.h.a.m.listener.AggregationListener 49 - register : hong-ad-data-ad_unit_it
[2020-12-26 20:51:17:889] main INFO c.h.a.m.listener.AggregationListener 49 - register : hong-ad-data-ad_unit
[2020-12-26 20:51:17:889] main INFO c.h.a.m.listener.AggregationListener 49 - register : hong-ad-data-ad_plan
[2020-12-26 20:51:17:889] main INFO c.h.a.m.listener.AggregationListener 49 - register : hong-ad-data-ad_creative
[2020-12-26 20:51:17:889] main INFO c.h.a.m.listener.AggregationListener 49 - register : hong-ad-data-creative_unit
[2020-12-26 20:51:17:889] main INFO c.h.a.m.listener.AggregationListener 49 - register : hong-ad-data-ad_unit_keyword
[2020-12-26 20:51:17:889] main INFO c.h.a.m.listener.AggregationListener 49 - register : hong-ad-data-ad_unit_district
[2020-12-26 20:58:38:072] main INFO com.hong.ad.BinlogKafkaApplication 50 - Starting BinlogKafkaApplication on localhost with PID 17112 (/Users/zhangdehong/develop/project/web/hong-ad-spring-cloud/hong-ad-service/ad-binlog-kafka/target/classes started by zhangdehong in /Users/zhangdehong/develop/project/web/hong-ad-spring-cloud)
[2020-12-26 20:58:38:077] main INFO com.hong.ad.BinlogKafkaApplication 659 - No active profile set, falling back to default profiles: default
[2020-12-26 20:58:40:203] main INFO c.h.a.m.listener.IncrementListener 46 - incrementListener register db and table info
[2020-12-26 20:58:40:204] main INFO c.h.a.m.listener.AggregationListener 49 - register : hong-ad-data-ad_unit_it
[2020-12-26 20:58:40:205] main INFO c.h.a.m.listener.AggregationListener 49 - register : hong-ad-data-ad_unit
[2020-12-26 20:58:40:205] main INFO c.h.a.m.listener.AggregationListener 49 - register : hong-ad-data-ad_plan
[2020-12-26 20:58:40:205] main INFO c.h.a.m.listener.AggregationListener 49 - register : hong-ad-data-ad_creative
[2020-12-26 20:58:40:205] main INFO c.h.a.m.listener.AggregationListener 49 - register : hong-ad-data-creative_unit
[2020-12-26 20:58:40:205] main INFO c.h.a.m.listener.AggregationListener 49 - register : hong-ad-data-ad_unit_keyword
[2020-12-26 20:58:40:206] main INFO c.h.a.m.listener.AggregationListener 49 - register : hong-ad-data-ad_unit_district
[2020-12-26 20:58:40:855] main INFO com.hong.ad.BinlogKafkaApplication 59 - Started BinlogKafkaApplication in 3.05 seconds (JVM running for 3.81)
[2020-12-26 20:58:40:857] main INFO com.hong.ad.runner.BinlogRunner 26 - coming in BinlogRunner...
[2020-12-26 20:58:40:870] Thread-11 INFO com.hong.ad.mysql.BinlogClient 43 - connecting to mysql start
[2020-12-26 21:02:37:149] main INFO com.hong.ad.BinlogKafkaApplication 50 - Starting BinlogKafkaApplication on localhost with PID 17230 (/Users/zhangdehong/develop/project/web/hong-ad-spring-cloud/hong-ad-service/ad-binlog-kafka/target/classes started by zhangdehong in /Users/zhangdehong/develop/project/web/hong-ad-spring-cloud)
[2020-12-26 21:02:37:152] main INFO com.hong.ad.BinlogKafkaApplication 659 - No active profile set, falling back to default profiles: default
[2020-12-26 21:02:38:925] main INFO c.h.a.m.listener.IncrementListener 46 - incrementListener register db and table info
[2020-12-26 21:02:38:926] main INFO c.h.a.m.listener.AggregationListener 49 - register : hong-ad-data-ad_unit_it
[2020-12-26 21:02:38:927] main INFO c.h.a.m.listener.AggregationListener 49 - register : hong-ad-data-ad_unit
[2020-12-26 21:02:38:928] main INFO c.h.a.m.listener.AggregationListener 49 - register : hong-ad-data-ad_plan
[2020-12-26 21:02:38:928] main INFO c.h.a.m.listener.AggregationListener 49 - register : hong-ad-data-ad_creative
[2020-12-26 21:02:38:928] main INFO c.h.a.m.listener.AggregationListener 49 - register : hong-ad-data-creative_unit
[2020-12-26 21:02:38:928] main INFO c.h.a.m.listener.AggregationListener 49 - register : hong-ad-data-ad_unit_keyword
[2020-12-26 21:02:38:928] main INFO c.h.a.m.listener.AggregationListener 49 - register : hong-ad-data-ad_unit_district
[2020-12-26 21:02:39:585] main INFO com.hong.ad.BinlogKafkaApplication 59 - Started BinlogKafkaApplication in 2.686 seconds (JVM running for 3.336)
[2020-12-26 21:02:39:587] main INFO com.hong.ad.runner.BinlogRunner 26 - coming in BinlogRunner...
[2020-12-26 21:02:39:594] Thread-10 INFO com.hong.ad.mysql.BinlogClient 43 - connecting to mysql start
[2020-12-26 21:03:54:142] main INFO com.hong.ad.BinlogKafkaApplication 50 - Starting BinlogKafkaApplication on localhost with PID 17256 (/Users/zhangdehong/develop/project/web/hong-ad-spring-cloud/hong-ad-service/ad-binlog-kafka/target/classes started by zhangdehong in /Users/zhangdehong/develop/project/web/hong-ad-spring-cloud)
[2020-12-26 21:03:54:146] main INFO com.hong.ad.BinlogKafkaApplication 659 - No active profile set, falling back to default profiles: default
[2020-12-26 21:03:55:940] main INFO c.h.a.m.listener.IncrementListener 46 - incrementListener register db and table info
[2020-12-26 21:03:55:941] main INFO c.h.a.m.listener.AggregationListener 49 - register : hong-ad-data-ad_unit_it
[2020-12-26 21:03:55:942] main INFO c.h.a.m.listener.AggregationListener 49 - register : hong-ad-data-ad_unit
[2020-12-26 21:03:55:942] main INFO c.h.a.m.listener.AggregationListener 49 - register : hong-ad-data-ad_plan
[2020-12-26 21:03:55:942] main INFO c.h.a.m.listener.AggregationListener 49 - register : hong-ad-data-ad_creative
[2020-12-26 21:03:55:943] main INFO c.h.a.m.listener.AggregationListener 49 - register : hong-ad-data-creative_unit
[2020-12-26 21:03:55:943] main INFO c.h.a.m.listener.AggregationListener 49 - register : hong-ad-data-ad_unit_keyword
[2020-12-26 21:03:55:943] main INFO c.h.a.m.listener.AggregationListener 49 - register : hong-ad-data-ad_unit_district
[2020-12-26 21:03:56:605] main INFO com.hong.ad.BinlogKafkaApplication 59 - Started BinlogKafkaApplication in 2.976 seconds (JVM running for 3.866)
[2020-12-26 21:03:56:607] main INFO com.hong.ad.runner.BinlogRunner 26 - coming in BinlogRunner...
[2020-12-26 21:03:56:615] Thread-11 INFO com.hong.ad.mysql.BinlogClient 43 - connecting to mysql start
[2020-12-26 21:06:12:274] main INFO com.hong.ad.BinlogKafkaApplication 50 - Starting BinlogKafkaApplication on localhost with PID 17301 (/Users/zhangdehong/develop/project/web/hong-ad-spring-cloud/hong-ad-service/ad-binlog-kafka/target/classes started by zhangdehong in /Users/zhangdehong/develop/project/web/hong-ad-spring-cloud)
[2020-12-26 21:06:12:277] main INFO com.hong.ad.BinlogKafkaApplication 659 - No active profile set, falling back to default profiles: default
[2020-12-26 21:06:14:124] main INFO c.h.a.m.listener.IncrementListener 46 - incrementListener register db and table info
[2020-12-26 21:06:14:125] main INFO c.h.a.m.listener.AggregationListener 49 - register : hong-ad-data-ad_unit_it
[2020-12-26 21:06:14:126] main INFO c.h.a.m.listener.AggregationListener 49 - register : hong-ad-data-ad_unit
[2020-12-26 21:06:14:126] main INFO c.h.a.m.listener.AggregationListener 49 - register : hong-ad-data-ad_plan
[2020-12-26 21:06:14:126] main INFO c.h.a.m.listener.AggregationListener 49 - register : hong-ad-data-ad_creative
[2020-12-26 21:06:14:126] main INFO c.h.a.m.listener.AggregationListener 49 - register : hong-ad-data-creative_unit
[2020-12-26 21:06:14:126] main INFO c.h.a.m.listener.AggregationListener 49 - register : hong-ad-data-ad_unit_keyword
[2020-12-26 21:06:14:126] main INFO c.h.a.m.listener.AggregationListener 49 - register : hong-ad-data-ad_unit_district
[2020-12-26 21:06:14:841] main INFO com.hong.ad.BinlogKafkaApplication 59 - Started BinlogKafkaApplication in 2.824 seconds (JVM running for 3.436)
[2020-12-26 21:06:14:842] main INFO com.hong.ad.runner.BinlogRunner 26 - coming in BinlogRunner...
[2020-12-26 21:06:14:851] Thread-10 INFO com.hong.ad.mysql.BinlogClient 43 - connecting to mysql start
[2020-12-26 21:13:36:594] main INFO com.hong.ad.BinlogKafkaApplication 50 - Starting BinlogKafkaApplication on localhost with PID 17498 (/Users/zhangdehong/develop/project/web/hong-ad-spring-cloud/hong-ad-service/ad-binlog-kafka/target/classes started by zhangdehong in /Users/zhangdehong/develop/project/web/hong-ad-spring-cloud)
[2020-12-26 21:13:36:598] main INFO com.hong.ad.BinlogKafkaApplication 659 - No active profile set, falling back to default profiles: default
[2020-12-26 21:13:41:021] main INFO c.h.a.m.listener.IncrementListener 46 - incrementListener register db and table info
[2020-12-26 21:13:41:023] main INFO c.h.a.m.listener.AggregationListener 49 - register : hong-ad-data-ad_unit_it
[2020-12-26 21:13:41:024] main INFO c.h.a.m.listener.AggregationListener 49 - register : hong-ad-data-ad_unit
[2020-12-26 21:13:41:025] main INFO c.h.a.m.listener.AggregationListener 49 - register : hong-ad-data-ad_plan
[2020-12-26 21:13:41:025] main INFO c.h.a.m.listener.AggregationListener 49 - register : hong-ad-data-ad_creative
[2020-12-26 21:13:41:025] main INFO c.h.a.m.listener.AggregationListener 49 - register : hong-ad-data-creative_unit
[2020-12-26 21:13:41:025] main INFO c.h.a.m.listener.AggregationListener 49 - register : hong-ad-data-ad_unit_keyword
[2020-12-26 21:13:41:026] main INFO c.h.a.m.listener.AggregationListener 49 - register : hong-ad-data-ad_unit_district
[2020-12-26 21:13:42:113] main INFO com.hong.ad.BinlogKafkaApplication 59 - Started BinlogKafkaApplication in 5.952 seconds (JVM running for 7.528)
[2020-12-26 21:13:42:115] main INFO com.hong.ad.runner.BinlogRunner 26 - coming in BinlogRunner...
[2020-12-26 21:13:42:126] Thread-17 INFO com.hong.ad.mysql.BinlogClient 43 - connecting to mysql start
[2020-12-26 21:16:32:933] main INFO com.hong.ad.BinlogKafkaApplication 50 - Starting BinlogKafkaApplication on localhost with PID 17567 (/Users/zhangdehong/develop/project/web/hong-ad-spring-cloud/hong-ad-service/ad-binlog-kafka/target/classes started by zhangdehong in /Users/zhangdehong/develop/project/web/hong-ad-spring-cloud)
[2020-12-26 21:16:32:940] main INFO com.hong.ad.BinlogKafkaApplication 659 - No active profile set, falling back to default profiles: default
[2020-12-26 21:16:37:259] main INFO c.h.a.m.listener.IncrementListener 46 - incrementListener register db and table info
[2020-12-26 21:16:37:264] main INFO c.h.a.m.listener.AggregationListener 49 - register : hong-ad-data-ad_unit_it
[2020-12-26 21:16:37:267] main INFO c.h.a.m.listener.AggregationListener 49 - register : hong-ad-data-ad_unit
[2020-12-26 21:16:37:270] main INFO c.h.a.m.listener.AggregationListener 49 - register : hong-ad-data-ad_plan
[2020-12-26 21:16:37:270] main INFO c.h.a.m.listener.AggregationListener 49 - register : hong-ad-data-ad_creative
[2020-12-26 21:16:37:271] main INFO c.h.a.m.listener.AggregationListener 49 - register : hong-ad-data-creative_unit
[2020-12-26 21:16:37:271] main INFO c.h.a.m.listener.AggregationListener 49 - register : hong-ad-data-ad_unit_keyword
[2020-12-26 21:16:37:271] main INFO c.h.a.m.listener.AggregationListener 49 - register : hong-ad-data-ad_unit_district
[2020-12-26 21:16:38:174] main INFO com.hong.ad.BinlogKafkaApplication 59 - Started BinlogKafkaApplication in 6.13 seconds (JVM running for 7.698)
[2020-12-26 21:16:38:179] main INFO com.hong.ad.runner.BinlogRunner 26 - coming in BinlogRunner...
[2020-12-26 21:16:38:193] Thread-18 INFO com.hong.ad.mysql.BinlogClient 43 - connecting to mysql start
[2020-12-26 21:18:32:811] main INFO com.hong.ad.BinlogKafkaApplication 50 - Starting BinlogKafkaApplication on localhost with PID 17609 (/Users/zhangdehong/develop/project/web/hong-ad-spring-cloud/hong-ad-service/ad-binlog-kafka/target/classes started by zhangdehong in /Users/zhangdehong/develop/project/web/hong-ad-spring-cloud)
[2020-12-26 21:18:32:817] main INFO com.hong.ad.BinlogKafkaApplication 659 - No active profile set, falling back to default profiles: default
[2020-12-26 21:18:35:608] main INFO c.h.a.m.listener.IncrementListener 46 - incrementListener register db and table info
[2020-12-26 21:18:35:610] main INFO c.h.a.m.listener.AggregationListener 49 - register : hong-ad-data-ad_unit_it
[2020-12-26 21:18:35:612] main INFO c.h.a.m.listener.AggregationListener 49 - register : hong-ad-data-ad_unit
[2020-12-26 21:18:35:612] main INFO c.h.a.m.listener.AggregationListener 49 - register : hong-ad-data-ad_plan
[2020-12-26 21:18:35:612] main INFO c.h.a.m.listener.AggregationListener 49 - register : hong-ad-data-ad_creative
[2020-12-26 21:18:35:612] main INFO c.h.a.m.listener.AggregationListener 49 - register : hong-ad-data-creative_unit
[2020-12-26 21:18:35:613] main INFO c.h.a.m.listener.AggregationListener 49 - register : hong-ad-data-ad_unit_keyword
[2020-12-26 21:18:35:613] main INFO c.h.a.m.listener.AggregationListener 49 - register : hong-ad-data-ad_unit_district
[2020-12-26 21:18:37:015] main INFO com.hong.ad.BinlogKafkaApplication 59 - Started BinlogKafkaApplication in 5.027 seconds (JVM running for 6.475)
[2020-12-26 21:18:37:018] main INFO com.hong.ad.runner.BinlogRunner 26 - coming in BinlogRunner...
[2020-12-26 21:18:37:044] Thread-15 INFO com.hong.ad.mysql.BinlogClient 43 - connecting to mysql start
[2020-12-26 21:20:08:642] main INFO com.hong.ad.BinlogKafkaApplication 50 - Starting BinlogKafkaApplication on localhost with PID 17659 (/Users/zhangdehong/develop/project/web/hong-ad-spring-cloud/hong-ad-service/ad-binlog-kafka/target/classes started by zhangdehong in /Users/zhangdehong/develop/project/web/hong-ad-spring-cloud)
[2020-12-26 21:20:08:645] main INFO com.hong.ad.BinlogKafkaApplication 659 - No active profile set, falling back to default profiles: default
[2020-12-26 21:20:10:717] main INFO c.h.a.m.listener.IncrementListener 46 - incrementListener register db and table info
[2020-12-26 21:20:10:718] main INFO c.h.a.m.listener.AggregationListener 49 - register : hong-ad-data-ad_unit_it
[2020-12-26 21:20:10:719] main INFO c.h.a.m.listener.AggregationListener 49 - register : hong-ad-data-ad_unit
[2020-12-26 21:20:10:719] main INFO c.h.a.m.listener.AggregationListener 49 - register : hong-ad-data-ad_plan
[2020-12-26 21:20:10:720] main INFO c.h.a.m.listener.AggregationListener 49 - register : hong-ad-data-ad_creative
[2020-12-26 21:20:10:720] main INFO c.h.a.m.listener.AggregationListener 49 - register : hong-ad-data-creative_unit
[2020-12-26 21:20:10:720] main INFO c.h.a.m.listener.AggregationListener 49 - register : hong-ad-data-ad_unit_keyword
[2020-12-26 21:20:10:720] main INFO c.h.a.m.listener.AggregationListener 49 - register : hong-ad-data-ad_unit_district
[2020-12-26 21:20:11:341] main INFO com.hong.ad.BinlogKafkaApplication 59 - Started BinlogKafkaApplication in 3.042 seconds (JVM running for 3.657)
[2020-12-26 21:20:11:344] main INFO com.hong.ad.runner.BinlogRunner 26 - coming in BinlogRunner...
[2020-12-26 21:20:11:354] Thread-10 INFO com.hong.ad.mysql.BinlogClient 43 - connecting to mysql start
[2020-12-26 21:34:34:633] main INFO com.hong.ad.BinlogKafkaApplication 50 - Starting BinlogKafkaApplication on localhost with PID 17957 (/Users/zhangdehong/develop/project/web/hong-ad-spring-cloud/hong-ad-service/ad-binlog-kafka/target/classes started by zhangdehong in /Users/zhangdehong/develop/project/web/hong-ad-spring-cloud)
[2020-12-26 21:34:34:643] main INFO com.hong.ad.BinlogKafkaApplication 659 - No active profile set, falling back to default profiles: default
[2020-12-26 21:34:37:162] main INFO c.h.a.m.listener.IncrementListener 46 - incrementListener register db and table info
[2020-12-26 21:34:37:163] main INFO c.h.a.m.listener.AggregationListener 49 - register : hong-ad-data-ad_unit_it
[2020-12-26 21:34:37:165] main INFO c.h.a.m.listener.AggregationListener 49 - register : hong-ad-data-ad_unit
[2020-12-26 21:34:37:165] main INFO c.h.a.m.listener.AggregationListener 49 - register : hong-ad-data-ad_plan
[2020-12-26 21:34:37:165] main INFO c.h.a.m.listener.AggregationListener 49 - register : hong-ad-data-ad_creative
[2020-12-26 21:34:37:166] main INFO c.h.a.m.listener.AggregationListener 49 - register : hong-ad-data-creative_unit
[2020-12-26 21:34:37:166] main INFO c.h.a.m.listener.AggregationListener 49 - register : hong-ad-data-ad_unit_keyword
[2020-12-26 21:34:37:166] main INFO c.h.a.m.listener.AggregationListener 49 - register : hong-ad-data-ad_unit_district
[2020-12-26 21:34:38:060] main INFO com.hong.ad.BinlogKafkaApplication 59 - Started BinlogKafkaApplication in 3.848 seconds (JVM running for 4.813)
[2020-12-26 21:34:38:061] main INFO com.hong.ad.runner.BinlogRunner 26 - coming in BinlogRunner...
[2020-12-26 21:34:38:071] Thread-12 INFO com.hong.ad.mysql.BinlogClient 43 - connecting to mysql start
[2020-12-26 21:37:50:922] Thread-12 INFO com.hong.ad.mysql.BinlogClient 45 - connecting to mysql done
[2020-12-26 21:39:22:782] main INFO com.hong.ad.BinlogKafkaApplication 50 - Starting BinlogKafkaApplication on localhost with PID 18066 (/Users/zhangdehong/develop/project/web/hong-ad-spring-cloud/hong-ad-service/ad-binlog-kafka/target/classes started by zhangdehong in /Users/zhangdehong/develop/project/web/hong-ad-spring-cloud)
[2020-12-26 21:39:22:786] main INFO com.hong.ad.BinlogKafkaApplication 659 - No active profile set, falling back to default profiles: default
[2020-12-26 21:39:25:452] main INFO c.h.a.m.listener.IncrementListener 46 - incrementListener register db and table info
[2020-12-26 21:39:25:453] main INFO c.h.a.m.listener.AggregationListener 49 - register : hong-ad-data-ad_unit_it
[2020-12-26 21:39:25:454] main INFO c.h.a.m.listener.AggregationListener 49 - register : hong-ad-data-ad_unit
[2020-12-26 21:39:25:454] main INFO c.h.a.m.listener.AggregationListener 49 - register : hong-ad-data-ad_plan
[2020-12-26 21:39:25:454] main INFO c.h.a.m.listener.AggregationListener 49 - register : hong-ad-data-ad_creative
[2020-12-26 21:39:25:454] main INFO c.h.a.m.listener.AggregationListener 49 - register : hong-ad-data-creative_unit
[2020-12-26 21:39:25:455] main INFO c.h.a.m.listener.AggregationListener 49 - register : hong-ad-data-ad_unit_keyword
[2020-12-26 21:39:25:455] main INFO c.h.a.m.listener.AggregationListener 49 - register : hong-ad-data-ad_unit_district
[2020-12-26 21:39:26:228] main INFO com.hong.ad.BinlogKafkaApplication 59 - Started BinlogKafkaApplication in 3.983 seconds (JVM running for 4.917)
[2020-12-26 21:39:26:230] main INFO com.hong.ad.runner.BinlogRunner 26 - coming in BinlogRunner...
[2020-12-26 21:39:26:240] Thread-13 INFO com.hong.ad.mysql.BinlogClient 43 - connecting to mysql start
[2020-12-26 21:43:27:394] main INFO com.hong.ad.BinlogKafkaApplication 50 - Starting BinlogKafkaApplication on localhost with PID 18155 (/Users/zhangdehong/develop/project/web/hong-ad-spring-cloud/hong-ad-service/ad-binlog-kafka/target/classes started by zhangdehong in /Users/zhangdehong/develop/project/web/hong-ad-spring-cloud)
[2020-12-26 21:43:27:399] main INFO com.hong.ad.BinlogKafkaApplication 659 - No active profile set, falling back to default profiles: default
[2020-12-26 21:43:29:771] main INFO c.h.a.m.listener.IncrementListener 46 - incrementListener register db and table info
[2020-12-26 21:43:29:772] main INFO c.h.a.m.listener.AggregationListener 49 - register : hong-ad-data-ad_unit_it
[2020-12-26 21:43:29:773] main INFO c.h.a.m.listener.AggregationListener 49 - register : hong-ad-data-ad_unit
[2020-12-26 21:43:29:774] main INFO c.h.a.m.listener.AggregationListener 49 - register : hong-ad-data-ad_plan
[2020-12-26 21:43:29:774] main INFO c.h.a.m.listener.AggregationListener 49 - register : hong-ad-data-ad_creative
[2020-12-26 21:43:29:774] main INFO c.h.a.m.listener.AggregationListener 49 - register : hong-ad-data-creative_unit
[2020-12-26 21:43:29:775] main INFO c.h.a.m.listener.AggregationListener 49 - register : hong-ad-data-ad_unit_keyword
[2020-12-26 21:43:29:775] main INFO c.h.a.m.listener.AggregationListener 49 - register : hong-ad-data-ad_unit_district
[2020-12-26 21:43:30:555] main INFO com.hong.ad.BinlogKafkaApplication 59 - Started BinlogKafkaApplication in 3.813 seconds (JVM running for 4.913)
[2020-12-26 21:43:30:558] main INFO com.hong.ad.runner.BinlogRunner 26 - coming in BinlogRunner...
[2020-12-26 21:43:30:574] Thread-12 INFO com.hong.ad.mysql.BinlogClient 43 - connecting to mysql start
[2020-12-26 21:44:45:818] main INFO com.hong.ad.BinlogKafkaApplication 50 - Starting BinlogKafkaApplication on localhost with PID 18194 (/Users/zhangdehong/develop/project/web/hong-ad-spring-cloud/hong-ad-service/ad-binlog-kafka/target/classes started by zhangdehong in /Users/zhangdehong/develop/project/web/hong-ad-spring-cloud)
[2020-12-26 21:44:45:823] main INFO com.hong.ad.BinlogKafkaApplication 659 - No active profile set, falling back to default profiles: default
[2020-12-26 21:44:48:104] main INFO c.h.a.m.listener.IncrementListener 46 - incrementListener register db and table info
[2020-12-26 21:44:48:106] main INFO c.h.a.m.listener.AggregationListener 49 - register : hong-ad-data-ad_unit_it
[2020-12-26 21:44:48:108] main INFO c.h.a.m.listener.AggregationListener 49 - register : hong-ad-data-ad_unit
[2020-12-26 21:44:48:108] main INFO c.h.a.m.listener.AggregationListener 49 - register : hong-ad-data-ad_plan
[2020-12-26 21:44:48:108] main INFO c.h.a.m.listener.AggregationListener 49 - register : hong-ad-data-ad_creative
[2020-12-26 21:44:48:109] main INFO c.h.a.m.listener.AggregationListener 49 - register : hong-ad-data-creative_unit
[2020-12-26 21:44:48:109] main INFO c.h.a.m.listener.AggregationListener 49 - register : hong-ad-data-ad_unit_keyword
[2020-12-26 21:44:48:109] main INFO c.h.a.m.listener.AggregationListener 49 - register : hong-ad-data-ad_unit_district
[2020-12-26 21:44:48:962] main INFO com.hong.ad.BinlogKafkaApplication 59 - Started BinlogKafkaApplication in 3.424 seconds (JVM running for 4.389)
[2020-12-26 21:44:48:964] main INFO com.hong.ad.runner.BinlogRunner 26 - coming in BinlogRunner...
[2020-12-26 21:45:08:173] Thread-11 INFO com.hong.ad.mysql.BinlogClient 43 - connecting to mysql start
[2020-12-26 21:45:55:478] main INFO com.hong.ad.BinlogKafkaApplication 50 - Starting BinlogKafkaApplication on localhost with PID 18227 (/Users/zhangdehong/develop/project/web/hong-ad-spring-cloud/hong-ad-service/ad-binlog-kafka/target/classes started by zhangdehong in /Users/zhangdehong/develop/project/web/hong-ad-spring-cloud)
[2020-12-26 21:45:55:483] main INFO com.hong.ad.BinlogKafkaApplication 659 - No active profile set, falling back to default profiles: default
[2020-12-26 21:45:57:972] main INFO c.h.a.m.listener.IncrementListener 46 - incrementListener register db and table info
[2020-12-26 21:45:57:974] main INFO c.h.a.m.listener.AggregationListener 49 - register : hong-ad-data-ad_unit_it
[2020-12-26 21:45:57:976] main INFO c.h.a.m.listener.AggregationListener 49 - register : hong-ad-data-ad_unit
[2020-12-26 21:45:57:977] main INFO c.h.a.m.listener.AggregationListener 49 - register : hong-ad-data-ad_plan
[2020-12-26 21:45:57:977] main INFO c.h.a.m.listener.AggregationListener 49 - register : hong-ad-data-ad_creative
[2020-12-26 21:45:57:977] main INFO c.h.a.m.listener.AggregationListener 49 - register : hong-ad-data-creative_unit
[2020-12-26 21:45:57:977] main INFO c.h.a.m.listener.AggregationListener 49 - register : hong-ad-data-ad_unit_keyword
[2020-12-26 21:45:57:978] main INFO c.h.a.m.listener.AggregationListener 49 - register : hong-ad-data-ad_unit_district
[2020-12-26 21:45:58:926] main INFO com.hong.ad.BinlogKafkaApplication 59 - Started BinlogKafkaApplication in 4.019 seconds (JVM running for 5.436)
[2020-12-26 21:45:58:928] main INFO com.hong.ad.runner.BinlogRunner 26 - coming in BinlogRunner...
[2020-12-26 21:46:07:406] Thread-13 INFO com.hong.ad.mysql.BinlogClient 43 - connecting to mysql start
[2020-12-26 21:47:47:485] main INFO com.hong.ad.BinlogKafkaApplication 50 - Starting BinlogKafkaApplication on localhost with PID 18269 (/Users/zhangdehong/develop/project/web/hong-ad-spring-cloud/hong-ad-service/ad-binlog-kafka/target/classes started by zhangdehong in /Users/zhangdehong/develop/project/web/hong-ad-spring-cloud)
[2020-12-26 21:47:47:492] main INFO com.hong.ad.BinlogKafkaApplication 659 - No active profile set, falling back to default profiles: default
[2020-12-26 21:47:49:702] main INFO c.h.a.m.listener.IncrementListener 46 - incrementListener register db and table info
[2020-12-26 21:47:49:704] main INFO c.h.a.m.listener.AggregationListener 49 - register : hong-ad-data-ad_unit_it
[2020-12-26 21:47:49:705] main INFO c.h.a.m.listener.AggregationListener 49 - register : hong-ad-data-ad_unit
[2020-12-26 21:47:49:706] main INFO c.h.a.m.listener.AggregationListener 49 - register : hong-ad-data-ad_plan
[2020-12-26 21:47:49:706] main INFO c.h.a.m.listener.AggregationListener 49 - register : hong-ad-data-ad_creative
[2020-12-26 21:47:49:706] main INFO c.h.a.m.listener.AggregationListener 49 - register : hong-ad-data-creative_unit
[2020-12-26 21:47:49:706] main INFO c.h.a.m.listener.AggregationListener 49 - register : hong-ad-data-ad_unit_keyword
[2020-12-26 21:47:49:707] main INFO c.h.a.m.listener.AggregationListener 49 - register : hong-ad-data-ad_unit_district
[2020-12-26 21:47:50:584] main INFO com.hong.ad.BinlogKafkaApplication 59 - Started BinlogKafkaApplication in 3.6 seconds (JVM running for 4.502)
[2020-12-26 21:47:50:586] main INFO com.hong.ad.runner.BinlogRunner 26 - coming in BinlogRunner...
[2020-12-26 21:47:50:595] Thread-12 INFO com.hong.ad.mysql.BinlogClient 43 - connecting to mysql start
[2020-12-26 21:54:33:954] main INFO com.hong.ad.BinlogKafkaApplication 50 - Starting BinlogKafkaApplication on localhost with PID 18394 (/Users/zhangdehong/develop/project/web/hong-ad-spring-cloud/hong-ad-service/ad-binlog-kafka/target/classes started by zhangdehong in /Users/zhangdehong/develop/project/web/hong-ad-spring-cloud)
[2020-12-26 21:54:33:962] main INFO com.hong.ad.BinlogKafkaApplication 659 - No active profile set, falling back to default profiles: default
[2020-12-26 21:54:36:367] main INFO c.h.a.m.listener.IncrementListener 46 - incrementListener register db and table info
[2020-12-26 21:54:36:368] main INFO c.h.a.m.listener.AggregationListener 49 - register : hong-ad-data-ad_unit_it
[2020-12-26 21:54:36:369] main INFO c.h.a.m.listener.AggregationListener 49 - register : hong-ad-data-ad_unit
[2020-12-26 21:54:36:369] main INFO c.h.a.m.listener.AggregationListener 49 - register : hong-ad-data-ad_plan
[2020-12-26 21:54:36:369] main INFO c.h.a.m.listener.AggregationListener 49 - register : hong-ad-data-ad_creative
[2020-12-26 21:54:36:369] main INFO c.h.a.m.listener.AggregationListener 49 - register : hong-ad-data-creative_unit
[2020-12-26 21:54:36:369] main INFO c.h.a.m.listener.AggregationListener 49 - register : hong-ad-data-ad_unit_keyword
[2020-12-26 21:54:36:370] main INFO c.h.a.m.listener.AggregationListener 49 - register : hong-ad-data-ad_unit_district
[2020-12-26 21:54:37:361] main INFO com.hong.ad.BinlogKafkaApplication 59 - Started BinlogKafkaApplication in 3.895 seconds (JVM running for 5.007)
[2020-12-26 21:54:37:363] main INFO com.hong.ad.runner.BinlogRunner 26 - coming in BinlogRunner...
[2020-12-26 21:54:37:376] Thread-13 INFO com.hong.ad.mysql.BinlogClient 44 - connecting to mysql start
[2020-12-26 21:55:07:302] Thread-13 INFO c.h.a.m.listener.AggregationListener 80 - tigger event:EXT_UPDATE_ROWS
[2020-12-26 21:55:10:249] Thread-13 INFO com.hong.ad.sender.kafka.KafkaSender 31 - binlog kafka service send MysqlRowData. ->{"failedValueMap":[{"unit_status":"0","id":"10","position_type":"1","plan_id":"10"}],"level":"3","opType":"UPDATE","tableName":"ad_unit"}
[2020-12-26 22:09:22:674] main INFO com.hong.ad.BinlogKafkaApplication 50 - Starting BinlogKafkaApplication on localhost with PID 18638 (/Users/zhangdehong/develop/project/web/hong-ad-spring-cloud/hong-ad-service/ad-binlog-kafka/target/classes started by zhangdehong in /Users/zhangdehong/develop/project/web/hong-ad-spring-cloud)
[2020-12-26 22:09:22:680] main INFO com.hong.ad.BinlogKafkaApplication 659 - No active profile set, falling back to default profiles: default
[2020-12-26 22:09:24:961] main INFO c.h.a.m.listener.IncrementListener 46 - incrementListener register db and table info
[2020-12-26 22:09:24:962] main INFO c.h.a.m.listener.AggregationListener 49 - register : hong-ad-data-ad_unit_it
[2020-12-26 22:09:24:963] main INFO c.h.a.m.listener.AggregationListener 49 - register : hong-ad-data-ad_unit
[2020-12-26 22:09:24:963] main INFO c.h.a.m.listener.AggregationListener 49 - register : hong-ad-data-ad_plan
[2020-12-26 22:09:24:963] main INFO c.h.a.m.listener.AggregationListener 49 - register : hong-ad-data-ad_creative
[2020-12-26 22:09:24:963] main INFO c.h.a.m.listener.AggregationListener 49 - register : hong-ad-data-creative_unit
[2020-12-26 22:09:24:963] main INFO c.h.a.m.listener.AggregationListener 49 - register : hong-ad-data-ad_unit_keyword
[2020-12-26 22:09:24:964] main INFO c.h.a.m.listener.AggregationListener 49 - register : hong-ad-data-ad_unit_district
[2020-12-26 22:09:25:940] main INFO com.hong.ad.BinlogKafkaApplication 59 - Started BinlogKafkaApplication in 3.616 seconds (JVM running for 4.627)
[2020-12-26 22:09:25:942] main INFO com.hong.ad.runner.BinlogRunner 26 - coming in BinlogRunner...
[2020-12-26 22:09:25:952] Thread-12 INFO com.hong.ad.mysql.BinlogClient 44 - connecting to mysql start
